<?xml version="1.0" encoding="UTF-8"?>
<testng-results ignored="0" total="1" passed="1" failed="0" skipped="0">
  <reporter-output>
    <line>
      <![CDATA[Selected Emoji jack-o-lantern halloween is Visible]]>
    </line>
  </reporter-output>
  <suite started-at="2023-06-30T16:08:58 GST" name="Suite" finished-at="2023-06-30T16:09:02 GST" duration-ms="4129">
    <groups>
    </groups>
    <test started-at="2023-06-30T16:08:58 GST" name="SerachAndSelectAllSmilies" finished-at="2023-06-30T16:09:02 GST" duration-ms="4129">
      <class name="TestCases.Select_Smily">
        <test-method signature="SearchandSelectAllSmilies(org.testng.ITestContext)[pri:0, instance:TestCases.Select_Smily@7c24b813]" started-at="2023-06-30T16:08:58 GST" name="SearchandSelectAllSmilies" finished-at="2023-06-30T16:09:02 GST" duration-ms="4053" status="PASS">
          <params>
            <param index="0">
              <value>
                <![CDATA[org.testng.TestRunner@458342d3]]>
              </value>
            </param>
          </params>
          <reporter-output>
            <line>
              <![CDATA[Selected Emoji jack-o-lantern halloween is Visible]]>
            </line>
          </reporter-output>
        </test-method> <!-- SearchandSelectAllSmilies -->
      </class> <!-- TestCases.Select_Smily -->
    </test> <!-- SerachAndSelectAllSmilies -->
  </suite> <!-- Suite -->
</testng-results>
